  viewer.cpp
c:\users\100515147\desktop\advanced computer graphics\assignments\final project\advancedgraphicsfinalproject\lab 2\lab 2\viewer.cpp(86): warning C4244: 'return': conversion from 'double' to 'float', possible loss of data
c:\users\100515147\desktop\advanced computer graphics\assignments\final project\advancedgraphicsfinalproject\lab 2\lab 2\viewer.cpp(120): warning C4267: '=': conversion from 'size_t' to 'int', possible loss of data
c:\users\100515147\desktop\advanced computer graphics\assignments\final project\advancedgraphicsfinalproject\lab 2\lab 2\viewer.cpp(131): warning C4267: '=': conversion from 'size_t' to 'int', possible loss of data
c:\users\100515147\desktop\advanced computer graphics\assignments\final project\advancedgraphicsfinalproject\lab 2\lab 2\viewer.cpp(139): warning C4267: '=': conversion from 'size_t' to 'int', possible loss of data
c:\users\100515147\desktop\advanced computer graphics\assignments\final project\advancedgraphicsfinalproject\lab 2\lab 2\viewer.cpp(247): warning C4305: '=': truncation from 'double' to 'float'
c:\users\100515147\desktop\advanced computer graphics\assignments\final project\advancedgraphicsfinalproject\lab 2\lab 2\viewer.cpp(294): warning C4267: '=': conversion from 'size_t' to 'int', possible loss of data
c:\users\100515147\desktop\advanced computer graphics\assignments\final project\advancedgraphicsfinalproject\lab 2\lab 2\viewer.cpp(302): warning C4244: '=': conversion from 'double' to 'float', possible loss of data
c:\users\100515147\desktop\advanced computer graphics\assignments\final project\advancedgraphicsfinalproject\lab 2\lab 2\viewer.cpp(507): warning C4244: '+=': conversion from 'double' to 'GLfloat', possible loss of data
c:\users\100515147\desktop\advanced computer graphics\assignments\final project\advancedgraphicsfinalproject\lab 2\lab 2\viewer.cpp(511): warning C4244: '+=': conversion from 'double' to 'GLfloat', possible loss of data
c:\users\100515147\desktop\advanced computer graphics\assignments\final project\advancedgraphicsfinalproject\lab 2\lab 2\viewer.cpp(531): warning C4305: 'argument': truncation from 'double' to 'float'
c:\users\100515147\desktop\advanced computer graphics\assignments\final project\advancedgraphicsfinalproject\lab 2\lab 2\viewer.cpp(554): warning C4244: '=': conversion from 'int' to 'GLfloat', possible loss of data
c:\users\100515147\desktop\advanced computer graphics\assignments\final project\advancedgraphicsfinalproject\lab 2\lab 2\viewer.cpp(556): warning C4244: '=': conversion from 'int' to 'GLfloat', possible loss of data
c:\users\100515147\desktop\advanced computer graphics\assignments\final project\advancedgraphicsfinalproject\lab 2\lab 2\viewer.cpp(697): warning C4312: 'type cast': conversion from 'int' to 'void *' of greater size
c:\users\100515147\desktop\advanced computer graphics\assignments\final project\advancedgraphicsfinalproject\lab 2\lab 2\viewer.cpp(733): warning C4244: 'initializing': conversion from 'double' to 'float', possible loss of data
c:\users\100515147\desktop\advanced computer graphics\assignments\final project\advancedgraphicsfinalproject\lab 2\lab 2\viewer.cpp(773): warning C4305: 'argument': truncation from 'double' to 'GLfloat'
c:\users\100515147\desktop\advanced computer graphics\assignments\final project\advancedgraphicsfinalproject\lab 2\lab 2\viewer.cpp(779): warning C4305: 'argument': truncation from 'double' to 'GLfloat'
c:\users\100515147\desktop\advanced computer graphics\assignments\final project\advancedgraphicsfinalproject\lab 2\lab 2\viewer.cpp(800): warning C4305: 'argument': truncation from 'double' to 'GLfloat'
c:\users\100515147\desktop\advanced computer graphics\assignments\final project\advancedgraphicsfinalproject\lab 2\lab 2\viewer.cpp(806): warning C4305: 'argument': truncation from 'double' to 'GLfloat'
c:\users\100515147\desktop\advanced computer graphics\assignments\final project\advancedgraphicsfinalproject\lab 2\lab 2\viewer.cpp(827): warning C4305: 'argument': truncation from 'double' to 'GLfloat'
c:\users\100515147\desktop\advanced computer graphics\assignments\final project\advancedgraphicsfinalproject\lab 2\lab 2\viewer.cpp(881): warning C4244: '=': conversion from 'int' to 'GLfloat', possible loss of data
c:\users\100515147\desktop\advanced computer graphics\assignments\final project\advancedgraphicsfinalproject\lab 2\lab 2\viewer.cpp(882): warning C4244: '=': conversion from 'int' to 'GLfloat', possible loss of data
c:\users\100515147\desktop\advanced computer graphics\assignments\final project\advancedgraphicsfinalproject\lab 2\lab 2\viewer.cpp(888): warning C4244: '=': conversion from 'int' to 'GLfloat', possible loss of data
c:\users\100515147\desktop\advanced computer graphics\assignments\final project\advancedgraphicsfinalproject\lab 2\lab 2\viewer.cpp(889): warning C4244: '=': conversion from 'int' to 'GLfloat', possible loss of data
c:\users\100515147\desktop\advanced computer graphics\assignments\final project\advancedgraphicsfinalproject\lab 2\lab 2\viewer.cpp(891): warning C4305: 'initializing': truncation from 'double' to 'GLfloat'
c:\users\100515147\desktop\advanced computer graphics\assignments\final project\advancedgraphicsfinalproject\lab 2\lab 2\viewer.cpp(920): warning C4101: 'fragment': unreferenced local variable
c:\users\100515147\desktop\advanced computer graphics\assignments\final project\advancedgraphicsfinalproject\lab 2\lab 2\viewer.cpp(921): warning C4101: 'vertex': unreferenced local variable
c:\users\100515147\desktop\advanced computer graphics\assignments\final project\advancedgraphicsfinalproject\lab 2\lab 2\viewer.cpp(919): warning C4101: 'fragmentName': unreferenced local variable
c:\users\100515147\desktop\advanced computer graphics\assignments\final project\advancedgraphicsfinalproject\lab 2\lab 2\viewer.cpp(918): warning C4101: 'vertexName': unreferenced local variable
c:\users\100515147\desktop\advanced computer graphics\assignments\final project\advancedgraphicsfinalproject\lab 2\lab 2\viewer.cpp(916): warning C4101: 'user': unreferenced local variable
  Lab 2.vcxproj -> C:\Users\100515147\Desktop\Advanced Computer Graphics\Assignments\Final Project\AdvancedGraphicsFinalProject\Lab 2\x64\Debug\Lab 2.exe
  Lab 2.vcxproj -> C:\Users\100515147\Desktop\Advanced Computer Graphics\Assignments\Final Project\AdvancedGraphicsFinalProject\Lab 2\x64\Debug\Lab 2.pdb (Full PDB)
